[0.088s] DEBUG:colcon:Command line arguments: ['/usr/bin/colcon', 'build', '--symlink-install']
[0.088s] DEBUG:colcon:Parsed command line arguments: Namespace(log_base=None, log_level=None, verb_name='build', build_base='build', install_base='install', merge_install=False, symlink_install=True, test_result_base=None, continue_on_error=False, executor='parallel', parallel_workers=24, event_handlers=None, ignore_user_meta=False, metas=['./colcon.meta'], base_paths=['.'], packages_ignore=None, packages_ignore_regex=None, paths=None, packages_up_to=None, packages_up_to_regex=None, packages_above=None, packages_above_and_dependencies=None, packages_above_depth=None, packages_select_by_dep=None, packages_skip_by_dep=None, packages_skip_up_to=None, packages_select_build_failed=False, packages_skip_build_finished=False, packages_select_test_failures=False, packages_skip_test_passed=False, packages_select=None, packages_skip=None, packages_select_regex=None, packages_skip_regex=None, packages_start=None, packages_end=None, allow_overriding=[], cmake_args=None, cmake_target=None, cmake_target_skip_unavailable=False, cmake_clean_cache=False, cmake_clean_first=False, cmake_force_configure=False, ament_cmake_args=None, catkin_cmake_args=None, catkin_skip_building_tests=False, verb_parser=<colcon_defaults.argument_parser.defaults.DefaultArgumentsDecorator object at 0x74465ad68880>, verb_extension=<colcon_core.verb.build.BuildVerb object at 0x74465ad68130>, main=<bound method BuildVerb.main of <colcon_core.verb.build.BuildVerb object at 0x74465ad68130>>)
[0.209s] Level 1:colcon.colcon_core.package_discovery:discover_packages(colcon_meta) check parameters
[0.209s] Level 1:colcon.colcon_core.package_discovery:discover_packages(recursive) check parameters
[0.210s] Level 1:colcon.colcon_core.package_discovery:discover_packages(ignore) check parameters
[0.210s] Level 1:colcon.colcon_core.package_discovery:discover_packages(path) check parameters
[0.210s] Level 1:colcon.colcon_core.package_discovery:discover_packages(colcon_meta) discover
[0.210s] Level 1:colcon.colcon_core.package_discovery:discover_packages(recursive) discover
[0.210s] INFO:colcon.colcon_core.package_discovery:Crawling recursively for packages in '/home/cyy/fashion_mnist_yolov8_ros2'
[0.210s] Level 1:colcon.colcon_core.package_identification:_identify(.) by extensions ['ignore', 'ignore_ament_install']
[0.210s] Level 1:colcon.colcon_core.package_identification:_identify(.) by extension 'ignore'
[0.210s] Level 1:colcon.colcon_core.package_identification:_identify(.) by extension 'ignore_ament_install'
[0.210s] Level 1:colcon.colcon_core.package_identification:_identify(.) by extensions ['colcon_pkg']
[0.210s] Level 1:colcon.colcon_core.package_identification:_identify(.) by extension 'colcon_pkg'
[0.210s] Level 1:colcon.colcon_core.package_identification:_identify(.) by extensions ['colcon_meta']
[0.210s] Level 1:colcon.colcon_core.package_identification:_identify(.) by extension 'colcon_meta'
[0.211s] Level 1:colcon.colcon_core.package_identification:_identify(.) by extensions ['ros']
[0.211s] Level 1:colcon.colcon_core.package_identification:_identify(.) by extension 'ros'
[0.219s] Level 1:colcon.colcon_core.package_identification:_identify(.) by extensions ['cmake', 'python']
[0.220s] Level 1:colcon.colcon_core.package_identification:_identify(.) by extension 'cmake'
[0.220s] Level 1:colcon.colcon_core.package_identification:_identify(.) by extension 'python'
[0.220s] Level 1:colcon.colcon_core.package_identification:_identify(.) by extensions ['python_setup_py']
[0.220s] Level 1:colcon.colcon_core.package_identification:_identify(.) by extension 'python_setup_py'
[0.220s] Level 1:colcon.colcon_core.package_identification:_identify(build) by extensions ['ignore', 'ignore_ament_install']
[0.220s] Level 1:colcon.colcon_core.package_identification:_identify(build) by extension 'ignore'
[0.220s] Level 1:colcon.colcon_core.package_identification:_identify(build) ignored
[0.220s] Level 1:colcon.colcon_core.package_identification:_identify(install) by extensions ['ignore', 'ignore_ament_install']
[0.220s] Level 1:colcon.colcon_core.package_identification:_identify(install) by extension 'ignore'
[0.220s] Level 1:colcon.colcon_core.package_identification:_identify(install) ignored
[0.221s] Level 1:colcon.colcon_core.package_identification:_identify(log) by extensions ['ignore', 'ignore_ament_install']
[0.221s] Level 1:colcon.colcon_core.package_identification:_identify(log) by extension 'ignore'
[0.221s] Level 1:colcon.colcon_core.package_identification:_identify(log) ignored
[0.221s] Level 1:colcon.colcon_core.package_identification:_identify(src) by extensions ['ignore', 'ignore_ament_install']
[0.221s] Level 1:colcon.colcon_core.package_identification:_identify(src) by extension 'ignore'
[0.221s] Level 1:colcon.colcon_core.package_identification:_identify(src) by extension 'ignore_ament_install'
[0.221s] Level 1:colcon.colcon_core.package_identification:_identify(src) by extensions ['colcon_pkg']
[0.221s] Level 1:colcon.colcon_core.package_identification:_identify(src) by extension 'colcon_pkg'
[0.221s] Level 1:colcon.colcon_core.package_identification:_identify(src) by extensions ['colcon_meta']
[0.221s] Level 1:colcon.colcon_core.package_identification:_identify(src) by extension 'colcon_meta'
[0.221s] Level 1:colcon.colcon_core.package_identification:_identify(src) by extensions ['ros']
[0.221s] Level 1:colcon.colcon_core.package_identification:_identify(src) by extension 'ros'
[0.222s] Level 1:colcon.colcon_core.package_identification:_identify(src) by extensions ['cmake', 'python']
[0.222s] Level 1:colcon.colcon_core.package_identification:_identify(src) by extension 'cmake'
[0.222s] Level 1:colcon.colcon_core.package_identification:_identify(src) by extension 'python'
[0.222s] Level 1:colcon.colcon_core.package_identification:_identify(src) by extensions ['python_setup_py']
[0.222s] Level 1:colcon.colcon_core.package_identification:_identify(src) by extension 'python_setup_py'
[0.222s] Level 1:colcon.colcon_core.package_identification:_identify(src/dataset) by extensions ['ignore', 'ignore_ament_install']
[0.222s] Level 1:colcon.colcon_core.package_identification:_identify(src/dataset) by extension 'ignore'
[0.222s] Level 1:colcon.colcon_core.package_identification:_identify(src/dataset) by extension 'ignore_ament_install'
[0.222s] Level 1:colcon.colcon_core.package_identification:_identify(src/dataset) by extensions ['colcon_pkg']
[0.222s] Level 1:colcon.colcon_core.package_identification:_identify(src/dataset) by extension 'colcon_pkg'
[0.222s] Level 1:colcon.colcon_core.package_identification:_identify(src/dataset) by extensions ['colcon_meta']
[0.222s] Level 1:colcon.colcon_core.package_identification:_identify(src/dataset) by extension 'colcon_meta'
[0.222s] Level 1:colcon.colcon_core.package_identification:_identify(src/dataset) by extensions ['ros']
[0.223s] Level 1:colcon.colcon_core.package_identification:_identify(src/dataset) by extension 'ros'
[0.223s] Level 1:colcon.colcon_core.package_identification:_identify(src/dataset) by extensions ['cmake', 'python']
[0.223s] Level 1:colcon.colcon_core.package_identification:_identify(src/dataset) by extension 'cmake'
[0.223s] Level 1:colcon.colcon_core.package_identification:_identify(src/dataset) by extension 'python'
[0.223s] Level 1:colcon.colcon_core.package_identification:_identify(src/dataset) by extensions ['python_setup_py']
[0.223s] Level 1:colcon.colcon_core.package_identification:_identify(src/dataset) by extension 'python_setup_py'
[0.223s] Level 1:colcon.colcon_core.package_identification:_identify(src/dataset/labels) by extensions ['ignore', 'ignore_ament_install']
[0.223s] Level 1:colcon.colcon_core.package_identification:_identify(src/dataset/labels) by extension 'ignore'
[0.223s] Level 1:colcon.colcon_core.package_identification:_identify(src/dataset/labels) by extension 'ignore_ament_install'
[0.223s] Level 1:colcon.colcon_core.package_identification:_identify(src/dataset/labels) by extensions ['colcon_pkg']
[0.223s] Level 1:colcon.colcon_core.package_identification:_identify(src/dataset/labels) by extension 'colcon_pkg'
[0.223s] Level 1:colcon.colcon_core.package_identification:_identify(src/dataset/labels) by extensions ['colcon_meta']
[0.223s] Level 1:colcon.colcon_core.package_identification:_identify(src/dataset/labels) by extension 'colcon_meta'
[0.223s] Level 1:colcon.colcon_core.package_identification:_identify(src/dataset/labels) by extensions ['ros']
[0.223s] Level 1:colcon.colcon_core.package_identification:_identify(src/dataset/labels) by extension 'ros'
[0.223s] Level 1:colcon.colcon_core.package_identification:_identify(src/dataset/labels) by extensions ['cmake', 'python']
[0.223s] Level 1:colcon.colcon_core.package_identification:_identify(src/dataset/labels) by extension 'cmake'
[0.223s] Level 1:colcon.colcon_core.package_identification:_identify(src/dataset/labels) by extension 'python'
[0.223s] Level 1:colcon.colcon_core.package_identification:_identify(src/dataset/labels) by extensions ['python_setup_py']
[0.223s] Level 1:colcon.colcon_core.package_identification:_identify(src/dataset/labels) by extension 'python_setup_py'
[0.224s] Level 1:colcon.colcon_core.package_identification:_identify(src/dataset/labels/train) by extensions ['ignore', 'ignore_ament_install']
[0.224s] Level 1:colcon.colcon_core.package_identification:_identify(src/dataset/labels/train) by extension 'ignore'
[0.224s] Level 1:colcon.colcon_core.package_identification:_identify(src/dataset/labels/train) by extension 'ignore_ament_install'
[0.224s] Level 1:colcon.colcon_core.package_identification:_identify(src/dataset/labels/train) by extensions ['colcon_pkg']
[0.224s] Level 1:colcon.colcon_core.package_identification:_identify(src/dataset/labels/train) by extension 'colcon_pkg'
[0.224s] Level 1:colcon.colcon_core.package_identification:_identify(src/dataset/labels/train) by extensions ['colcon_meta']
[0.224s] Level 1:colcon.colcon_core.package_identification:_identify(src/dataset/labels/train) by extension 'colcon_meta'
[0.224s] Level 1:colcon.colcon_core.package_identification:_identify(src/dataset/labels/train) by extensions ['ros']
[0.224s] Level 1:colcon.colcon_core.package_identification:_identify(src/dataset/labels/train) by extension 'ros'
[0.224s] Level 1:colcon.colcon_core.package_identification:_identify(src/dataset/labels/train) by extensions ['cmake', 'python']
[0.224s] Level 1:colcon.colcon_core.package_identification:_identify(src/dataset/labels/train) by extension 'cmake'
[0.224s] Level 1:colcon.colcon_core.package_identification:_identify(src/dataset/labels/train) by extension 'python'
[0.224s] Level 1:colcon.colcon_core.package_identification:_identify(src/dataset/labels/train) by extensions ['python_setup_py']
[0.224s] Level 1:colcon.colcon_core.package_identification:_identify(src/dataset/labels/train) by extension 'python_setup_py'
[0.224s] Level 1:colcon.colcon_core.package_identification:_identify(src/dataset/labels/val) by extensions ['ignore', 'ignore_ament_install']
[0.224s] Level 1:colcon.colcon_core.package_identification:_identify(src/dataset/labels/val) by extension 'ignore'
[0.224s] Level 1:colcon.colcon_core.package_identification:_identify(src/dataset/labels/val) by extension 'ignore_ament_install'
[0.224s] Level 1:colcon.colcon_core.package_identification:_identify(src/dataset/labels/val) by extensions ['colcon_pkg']
[0.224s] Level 1:colcon.colcon_core.package_identification:_identify(src/dataset/labels/val) by extension 'colcon_pkg'
[0.224s] Level 1:colcon.colcon_core.package_identification:_identify(src/dataset/labels/val) by extensions ['colcon_meta']
[0.224s] Level 1:colcon.colcon_core.package_identification:_identify(src/dataset/labels/val) by extension 'colcon_meta'
[0.224s] Level 1:colcon.colcon_core.package_identification:_identify(src/dataset/labels/val) by extensions ['ros']
[0.225s] Level 1:colcon.colcon_core.package_identification:_identify(src/dataset/labels/val) by extension 'ros'
[0.225s] Level 1:colcon.colcon_core.package_identification:_identify(src/dataset/labels/val) by extensions ['cmake', 'python']
[0.225s] Level 1:colcon.colcon_core.package_identification:_identify(src/dataset/labels/val) by extension 'cmake'
[0.225s] Level 1:colcon.colcon_core.package_identification:_identify(src/dataset/labels/val) by extension 'python'
[0.225s] Level 1:colcon.colcon_core.package_identification:_identify(src/dataset/labels/val) by extensions ['python_setup_py']
[0.225s] Level 1:colcon.colcon_core.package_identification:_identify(src/dataset/labels/val) by extension 'python_setup_py'
[0.225s] Level 1:colcon.colcon_core.package_identification:_identify(src/dataset/train) by extensions ['ignore', 'ignore_ament_install']
[0.225s] Level 1:colcon.colcon_core.package_identification:_identify(src/dataset/train) by extension 'ignore'
[0.225s] Level 1:colcon.colcon_core.package_identification:_identify(src/dataset/train) by extension 'ignore_ament_install'
[0.225s] Level 1:colcon.colcon_core.package_identification:_identify(src/dataset/train) by extensions ['colcon_pkg']
[0.225s] Level 1:colcon.colcon_core.package_identification:_identify(src/dataset/train) by extension 'colcon_pkg'
[0.225s] Level 1:colcon.colcon_core.package_identification:_identify(src/dataset/train) by extensions ['colcon_meta']
[0.225s] Level 1:colcon.colcon_core.package_identification:_identify(src/dataset/train) by extension 'colcon_meta'
[0.225s] Level 1:colcon.colcon_core.package_identification:_identify(src/dataset/train) by extensions ['ros']
[0.225s] Level 1:colcon.colcon_core.package_identification:_identify(src/dataset/train) by extension 'ros'
[0.225s] Level 1:colcon.colcon_core.package_identification:_identify(src/dataset/train) by extensions ['cmake', 'python']
[0.225s] Level 1:colcon.colcon_core.package_identification:_identify(src/dataset/train) by extension 'cmake'
[0.225s] Level 1:colcon.colcon_core.package_identification:_identify(src/dataset/train) by extension 'python'
[0.225s] Level 1:colcon.colcon_core.package_identification:_identify(src/dataset/train) by extensions ['python_setup_py']
[0.225s] Level 1:colcon.colcon_core.package_identification:_identify(src/dataset/train) by extension 'python_setup_py'
[0.226s] Level 1:colcon.colcon_core.package_identification:_identify(src/dataset/val) by extensions ['ignore', 'ignore_ament_install']
[0.226s] Level 1:colcon.colcon_core.package_identification:_identify(src/dataset/val) by extension 'ignore'
[0.226s] Level 1:colcon.colcon_core.package_identification:_identify(src/dataset/val) by extension 'ignore_ament_install'
[0.226s] Level 1:colcon.colcon_core.package_identification:_identify(src/dataset/val) by extensions ['colcon_pkg']
[0.226s] Level 1:colcon.colcon_core.package_identification:_identify(src/dataset/val) by extension 'colcon_pkg'
[0.226s] Level 1:colcon.colcon_core.package_identification:_identify(src/dataset/val) by extensions ['colcon_meta']
[0.226s] Level 1:colcon.colcon_core.package_identification:_identify(src/dataset/val) by extension 'colcon_meta'
[0.226s] Level 1:colcon.colcon_core.package_identification:_identify(src/dataset/val) by extensions ['ros']
[0.226s] Level 1:colcon.colcon_core.package_identification:_identify(src/dataset/val) by extension 'ros'
[0.226s] Level 1:colcon.colcon_core.package_identification:_identify(src/dataset/val) by extensions ['cmake', 'python']
[0.226s] Level 1:colcon.colcon_core.package_identification:_identify(src/dataset/val) by extension 'cmake'
[0.226s] Level 1:colcon.colcon_core.package_identification:_identify(src/dataset/val) by extension 'python'
[0.226s] Level 1:colcon.colcon_core.package_identification:_identify(src/dataset/val) by extensions ['python_setup_py']
[0.226s] Level 1:colcon.colcon_core.package_identification:_identify(src/dataset/val) by extension 'python_setup_py'
[0.226s] Level 1:colcon.colcon_core.package_identification:_identify(src/dataset_convert) by extensions ['ignore', 'ignore_ament_install']
[0.226s] Level 1:colcon.colcon_core.package_identification:_identify(src/dataset_convert) by extension 'ignore'
[0.226s] Level 1:colcon.colcon_core.package_identification:_identify(src/dataset_convert) by extension 'ignore_ament_install'
[0.226s] Level 1:colcon.colcon_core.package_identification:_identify(src/dataset_convert) by extensions ['colcon_pkg']
[0.226s] Level 1:colcon.colcon_core.package_identification:_identify(src/dataset_convert) by extension 'colcon_pkg'
[0.226s] Level 1:colcon.colcon_core.package_identification:_identify(src/dataset_convert) by extensions ['colcon_meta']
[0.226s] Level 1:colcon.colcon_core.package_identification:_identify(src/dataset_convert) by extension 'colcon_meta'
[0.226s] Level 1:colcon.colcon_core.package_identification:_identify(src/dataset_convert) by extensions ['ros']
[0.226s] Level 1:colcon.colcon_core.package_identification:_identify(src/dataset_convert) by extension 'ros'
[0.226s] Level 1:colcon.colcon_core.package_identification:_identify(src/dataset_convert) by extensions ['cmake', 'python']
[0.226s] Level 1:colcon.colcon_core.package_identification:_identify(src/dataset_convert) by extension 'cmake'
[0.226s] Level 1:colcon.colcon_core.package_identification:_identify(src/dataset_convert) by extension 'python'
[0.226s] Level 1:colcon.colcon_core.package_identification:_identify(src/dataset_convert) by extensions ['python_setup_py']
[0.226s] Level 1:colcon.colcon_core.package_identification:_identify(src/dataset_convert) by extension 'python_setup_py'
[0.226s] Level 1:colcon.colcon_core.package_identification:_identify(src/fashion_mnist_ros2) by extensions ['ignore', 'ignore_ament_install']
[0.227s] Level 1:colcon.colcon_core.package_identification:_identify(src/fashion_mnist_ros2) by extension 'ignore'
[0.227s] Level 1:colcon.colcon_core.package_identification:_identify(src/fashion_mnist_ros2) by extension 'ignore_ament_install'
[0.227s] Level 1:colcon.colcon_core.package_identification:_identify(src/fashion_mnist_ros2) by extensions ['colcon_pkg']
[0.227s] Level 1:colcon.colcon_core.package_identification:_identify(src/fashion_mnist_ros2) by extension 'colcon_pkg'
[0.227s] Level 1:colcon.colcon_core.package_identification:_identify(src/fashion_mnist_ros2) by extensions ['colcon_meta']
[0.227s] Level 1:colcon.colcon_core.package_identification:_identify(src/fashion_mnist_ros2) by extension 'colcon_meta'
[0.227s] Level 1:colcon.colcon_core.package_identification:_identify(src/fashion_mnist_ros2) by extensions ['ros']
[0.227s] Level 1:colcon.colcon_core.package_identification:_identify(src/fashion_mnist_ros2) by extension 'ros'
[0.229s] DEBUG:colcon.colcon_core.package_identification:Package 'src/fashion_mnist_ros2' with type 'ros.ament_python' and name 'fashion_mnist_ros2'
[0.229s] Level 1:colcon.colcon_core.package_identification:_identify(src/inference_utils) by extensions ['ignore', 'ignore_ament_install']
[0.229s] Level 1:colcon.colcon_core.package_identification:_identify(src/inference_utils) by extension 'ignore'
[0.229s] Level 1:colcon.colcon_core.package_identification:_identify(src/inference_utils) by extension 'ignore_ament_install'
[0.229s] Level 1:colcon.colcon_core.package_identification:_identify(src/inference_utils) by extensions ['colcon_pkg']
[0.229s] Level 1:colcon.colcon_core.package_identification:_identify(src/inference_utils) by extension 'colcon_pkg'
[0.229s] Level 1:colcon.colcon_core.package_identification:_identify(src/inference_utils) by extensions ['colcon_meta']
[0.229s] Level 1:colcon.colcon_core.package_identification:_identify(src/inference_utils) by extension 'colcon_meta'
[0.229s] Level 1:colcon.colcon_core.package_identification:_identify(src/inference_utils) by extensions ['ros']
[0.229s] Level 1:colcon.colcon_core.package_identification:_identify(src/inference_utils) by extension 'ros'
[0.229s] Level 1:colcon.colcon_core.package_identification:_identify(src/inference_utils) by extensions ['cmake', 'python']
[0.229s] Level 1:colcon.colcon_core.package_identification:_identify(src/inference_utils) by extension 'cmake'
[0.229s] Level 1:colcon.colcon_core.package_identification:_identify(src/inference_utils) by extension 'python'
[0.229s] Level 1:colcon.colcon_core.package_identification:_identify(src/inference_utils) by extensions ['python_setup_py']
[0.229s] Level 1:colcon.colcon_core.package_identification:_identify(src/inference_utils) by extension 'python_setup_py'
[0.229s] Level 1:colcon.colcon_core.package_identification:_identify(src/model_train) by extensions ['ignore', 'ignore_ament_install']
[0.229s] Level 1:colcon.colcon_core.package_identification:_identify(src/model_train) by extension 'ignore'
[0.229s] Level 1:colcon.colcon_core.package_identification:_identify(src/model_train) by extension 'ignore_ament_install'
[0.229s] Level 1:colcon.colcon_core.package_identification:_identify(src/model_train) by extensions ['colcon_pkg']
[0.229s] Level 1:colcon.colcon_core.package_identification:_identify(src/model_train) by extension 'colcon_pkg'
[0.229s] Level 1:colcon.colcon_core.package_identification:_identify(src/model_train) by extensions ['colcon_meta']
[0.229s] Level 1:colcon.colcon_core.package_identification:_identify(src/model_train) by extension 'colcon_meta'
[0.229s] Level 1:colcon.colcon_core.package_identification:_identify(src/model_train) by extensions ['ros']
[0.229s] Level 1:colcon.colcon_core.package_identification:_identify(src/model_train) by extension 'ros'
[0.230s] Level 1:colcon.colcon_core.package_identification:_identify(src/model_train) by extensions ['cmake', 'python']
[0.230s] Level 1:colcon.colcon_core.package_identification:_identify(src/model_train) by extension 'cmake'
[0.230s] Level 1:colcon.colcon_core.package_identification:_identify(src/model_train) by extension 'python'
[0.230s] Level 1:colcon.colcon_core.package_identification:_identify(src/model_train) by extensions ['python_setup_py']
[0.230s] Level 1:colcon.colcon_core.package_identification:_identify(src/model_train) by extension 'python_setup_py'
[0.230s] Level 1:colcon.colcon_core.package_identification:_identify(src/model_train/runs) by extensions ['ignore', 'ignore_ament_install']
[0.230s] Level 1:colcon.colcon_core.package_identification:_identify(src/model_train/runs) by extension 'ignore'
[0.230s] Level 1:colcon.colcon_core.package_identification:_identify(src/model_train/runs) by extension 'ignore_ament_install'
[0.230s] Level 1:colcon.colcon_core.package_identification:_identify(src/model_train/runs) by extensions ['colcon_pkg']
[0.230s] Level 1:colcon.colcon_core.package_identification:_identify(src/model_train/runs) by extension 'colcon_pkg'
[0.230s] Level 1:colcon.colcon_core.package_identification:_identify(src/model_train/runs) by extensions ['colcon_meta']
[0.230s] Level 1:colcon.colcon_core.package_identification:_identify(src/model_train/runs) by extension 'colcon_meta'
[0.230s] Level 1:colcon.colcon_core.package_identification:_identify(src/model_train/runs) by extensions ['ros']
[0.230s] Level 1:colcon.colcon_core.package_identification:_identify(src/model_train/runs) by extension 'ros'
[0.230s] Level 1:colcon.colcon_core.package_identification:_identify(src/model_train/runs) by extensions ['cmake', 'python']
[0.230s] Level 1:colcon.colcon_core.package_identification:_identify(src/model_train/runs) by extension 'cmake'
[0.230s] Level 1:colcon.colcon_core.package_identification:_identify(src/model_train/runs) by extension 'python'
[0.230s] Level 1:colcon.colcon_core.package_identification:_identify(src/model_train/runs) by extensions ['python_setup_py']
[0.230s] Level 1:colcon.colcon_core.package_identification:_identify(src/model_train/runs) by extension 'python_setup_py'
[0.230s] Level 1:colcon.colcon_core.package_identification:_identify(src/model_train/runs/detect) by extensions ['ignore', 'ignore_ament_install']
[0.230s] Level 1:colcon.colcon_core.package_identification:_identify(src/model_train/runs/detect) by extension 'ignore'
[0.230s] Level 1:colcon.colcon_core.package_identification:_identify(src/model_train/runs/detect) by extension 'ignore_ament_install'
[0.230s] Level 1:colcon.colcon_core.package_identification:_identify(src/model_train/runs/detect) by extensions ['colcon_pkg']
[0.230s] Level 1:colcon.colcon_core.package_identification:_identify(src/model_train/runs/detect) by extension 'colcon_pkg'
[0.230s] Level 1:colcon.colcon_core.package_identification:_identify(src/model_train/runs/detect) by extensions ['colcon_meta']
[0.230s] Level 1:colcon.colcon_core.package_identification:_identify(src/model_train/runs/detect) by extension 'colcon_meta'
[0.230s] Level 1:colcon.colcon_core.package_identification:_identify(src/model_train/runs/detect) by extensions ['ros']
[0.230s] Level 1:colcon.colcon_core.package_identification:_identify(src/model_train/runs/detect) by extension 'ros'
[0.230s] Level 1:colcon.colcon_core.package_identification:_identify(src/model_train/runs/detect) by extensions ['cmake', 'python']
[0.230s] Level 1:colcon.colcon_core.package_identification:_identify(src/model_train/runs/detect) by extension 'cmake'
[0.230s] Level 1:colcon.colcon_core.package_identification:_identify(src/model_train/runs/detect) by extension 'python'
[0.231s] Level 1:colcon.colcon_core.package_identification:_identify(src/model_train/runs/detect) by extensions ['python_setup_py']
[0.231s] Level 1:colcon.colcon_core.package_identification:_identify(src/model_train/runs/detect) by extension 'python_setup_py'
[0.231s] Level 1:colcon.colcon_core.package_identification:_identify(src/model_train/runs/detect/val) by extensions ['ignore', 'ignore_ament_install']
[0.231s] Level 1:colcon.colcon_core.package_identification:_identify(src/model_train/runs/detect/val) by extension 'ignore'
[0.231s] Level 1:colcon.colcon_core.package_identification:_identify(src/model_train/runs/detect/val) by extension 'ignore_ament_install'
[0.231s] Level 1:colcon.colcon_core.package_identification:_identify(src/model_train/runs/detect/val) by extensions ['colcon_pkg']
[0.231s] Level 1:colcon.colcon_core.package_identification:_identify(src/model_train/runs/detect/val) by extension 'colcon_pkg'
[0.231s] Level 1:colcon.colcon_core.package_identification:_identify(src/model_train/runs/detect/val) by extensions ['colcon_meta']
[0.231s] Level 1:colcon.colcon_core.package_identification:_identify(src/model_train/runs/detect/val) by extension 'colcon_meta'
[0.231s] Level 1:colcon.colcon_core.package_identification:_identify(src/model_train/runs/detect/val) by extensions ['ros']
[0.231s] Level 1:colcon.colcon_core.package_identification:_identify(src/model_train/runs/detect/val) by extension 'ros'
[0.231s] Level 1:colcon.colcon_core.package_identification:_identify(src/model_train/runs/detect/val) by extensions ['cmake', 'python']
[0.231s] Level 1:colcon.colcon_core.package_identification:_identify(src/model_train/runs/detect/val) by extension 'cmake'
[0.231s] Level 1:colcon.colcon_core.package_identification:_identify(src/model_train/runs/detect/val) by extension 'python'
[0.231s] Level 1:colcon.colcon_core.package_identification:_identify(src/model_train/runs/detect/val) by extensions ['python_setup_py']
[0.231s] Level 1:colcon.colcon_core.package_identification:_identify(src/model_train/runs/detect/val) by extension 'python_setup_py'
[0.231s] Level 1:colcon.colcon_core.package_identification:_identify(src/weights) by extensions ['ignore', 'ignore_ament_install']
[0.231s] Level 1:colcon.colcon_core.package_identification:_identify(src/weights) by extension 'ignore'
[0.231s] Level 1:colcon.colcon_core.package_identification:_identify(src/weights) by extension 'ignore_ament_install'
[0.231s] Level 1:colcon.colcon_core.package_identification:_identify(src/weights) by extensions ['colcon_pkg']
[0.231s] Level 1:colcon.colcon_core.package_identification:_identify(src/weights) by extension 'colcon_pkg'
[0.231s] Level 1:colcon.colcon_core.package_identification:_identify(src/weights) by extensions ['colcon_meta']
[0.231s] Level 1:colcon.colcon_core.package_identification:_identify(src/weights) by extension 'colcon_meta'
[0.231s] Level 1:colcon.colcon_core.package_identification:_identify(src/weights) by extensions ['ros']
[0.231s] Level 1:colcon.colcon_core.package_identification:_identify(src/weights) by extension 'ros'
[0.231s] Level 1:colcon.colcon_core.package_identification:_identify(src/weights) by extensions ['cmake', 'python']
[0.231s] Level 1:colcon.colcon_core.package_identification:_identify(src/weights) by extension 'cmake'
[0.231s] Level 1:colcon.colcon_core.package_identification:_identify(src/weights) by extension 'python'
[0.231s] Level 1:colcon.colcon_core.package_identification:_identify(src/weights) by extensions ['python_setup_py']
[0.231s] Level 1:colcon.colcon_core.package_identification:_identify(src/weights) by extension 'python_setup_py'
[0.231s] Level 1:colcon.colcon_core.package_identification:_identify(src/weights/fashion_mnist_yolov8n) by extensions ['ignore', 'ignore_ament_install']
[0.232s] Level 1:colcon.colcon_core.package_identification:_identify(src/weights/fashion_mnist_yolov8n) by extension 'ignore'
[0.232s] Level 1:colcon.colcon_core.package_identification:_identify(src/weights/fashion_mnist_yolov8n) by extension 'ignore_ament_install'
[0.232s] Level 1:colcon.colcon_core.package_identification:_identify(src/weights/fashion_mnist_yolov8n) by extensions ['colcon_pkg']
[0.232s] Level 1:colcon.colcon_core.package_identification:_identify(src/weights/fashion_mnist_yolov8n) by extension 'colcon_pkg'
[0.232s] Level 1:colcon.colcon_core.package_identification:_identify(src/weights/fashion_mnist_yolov8n) by extensions ['colcon_meta']
[0.232s] Level 1:colcon.colcon_core.package_identification:_identify(src/weights/fashion_mnist_yolov8n) by extension 'colcon_meta'
[0.232s] Level 1:colcon.colcon_core.package_identification:_identify(src/weights/fashion_mnist_yolov8n) by extensions ['ros']
[0.232s] Level 1:colcon.colcon_core.package_identification:_identify(src/weights/fashion_mnist_yolov8n) by extension 'ros'
[0.232s] Level 1:colcon.colcon_core.package_identification:_identify(src/weights/fashion_mnist_yolov8n) by extensions ['cmake', 'python']
[0.232s] Level 1:colcon.colcon_core.package_identification:_identify(src/weights/fashion_mnist_yolov8n) by extension 'cmake'
[0.232s] Level 1:colcon.colcon_core.package_identification:_identify(src/weights/fashion_mnist_yolov8n) by extension 'python'
[0.232s] Level 1:colcon.colcon_core.package_identification:_identify(src/weights/fashion_mnist_yolov8n) by extensions ['python_setup_py']
[0.232s] Level 1:colcon.colcon_core.package_identification:_identify(src/weights/fashion_mnist_yolov8n) by extension 'python_setup_py'
[0.232s] Level 1:colcon.colcon_core.package_identification:_identify(src/weights/fashion_mnist_yolov8n/weights) by extensions ['ignore', 'ignore_ament_install']
[0.232s] Level 1:colcon.colcon_core.package_identification:_identify(src/weights/fashion_mnist_yolov8n/weights) by extension 'ignore'
[0.232s] Level 1:colcon.colcon_core.package_identification:_identify(src/weights/fashion_mnist_yolov8n/weights) by extension 'ignore_ament_install'
[0.232s] Level 1:colcon.colcon_core.package_identification:_identify(src/weights/fashion_mnist_yolov8n/weights) by extensions ['colcon_pkg']
[0.232s] Level 1:colcon.colcon_core.package_identification:_identify(src/weights/fashion_mnist_yolov8n/weights) by extension 'colcon_pkg'
[0.232s] Level 1:colcon.colcon_core.package_identification:_identify(src/weights/fashion_mnist_yolov8n/weights) by extensions ['colcon_meta']
[0.232s] Level 1:colcon.colcon_core.package_identification:_identify(src/weights/fashion_mnist_yolov8n/weights) by extension 'colcon_meta'
[0.232s] Level 1:colcon.colcon_core.package_identification:_identify(src/weights/fashion_mnist_yolov8n/weights) by extensions ['ros']
[0.232s] Level 1:colcon.colcon_core.package_identification:_identify(src/weights/fashion_mnist_yolov8n/weights) by extension 'ros'
[0.232s] Level 1:colcon.colcon_core.package_identification:_identify(src/weights/fashion_mnist_yolov8n/weights) by extensions ['cmake', 'python']
[0.232s] Level 1:colcon.colcon_core.package_identification:_identify(src/weights/fashion_mnist_yolov8n/weights) by extension 'cmake'
[0.232s] Level 1:colcon.colcon_core.package_identification:_identify(src/weights/fashion_mnist_yolov8n/weights) by extension 'python'
[0.232s] Level 1:colcon.colcon_core.package_identification:_identify(src/weights/fashion_mnist_yolov8n/weights) by extensions ['python_setup_py']
[0.232s] Level 1:colcon.colcon_core.package_identification:_identify(src/weights/fashion_mnist_yolov8n/weights) by extension 'python_setup_py'
[0.232s] Level 1:colcon.colcon_core.package_discovery:discover_packages(recursive) using defaults
[0.232s] Level 1:colcon.colcon_core.package_discovery:discover_packages(ignore) discover
[0.232s] Level 1:colcon.colcon_core.package_discovery:discover_packages(ignore) using defaults
[0.232s] Level 1:colcon.colcon_core.package_discovery:discover_packages(path) discover
[0.232s] Level 1:colcon.colcon_core.package_discovery:discover_packages(path) using defaults
[0.248s] Level 1:colcon.colcon_core.package_discovery:discover_packages(prefix_path) check parameters
[0.248s] Level 1:colcon.colcon_core.package_discovery:discover_packages(prefix_path) discover
[0.257s] DEBUG:colcon.colcon_installed_package_information.package_discovery:Found 271 installed packages in /opt/ros/humble
[0.258s] Level 1:colcon.colcon_core.package_discovery:discover_packages(prefix_path) using defaults
[0.284s] Level 5:colcon.colcon_core.verb:set package 'fashion_mnist_ros2' build argument 'cmake_args' from command line to 'None'
[0.284s] Level 5:colcon.colcon_core.verb:set package 'fashion_mnist_ros2' build argument 'cmake_target' from command line to 'None'
[0.284s] Level 5:colcon.colcon_core.verb:set package 'fashion_mnist_ros2' build argument 'cmake_target_skip_unavailable' from command line to 'False'
[0.284s] Level 5:colcon.colcon_core.verb:set package 'fashion_mnist_ros2' build argument 'cmake_clean_cache' from command line to 'False'
[0.284s] Level 5:colcon.colcon_core.verb:set package 'fashion_mnist_ros2' build argument 'cmake_clean_first' from command line to 'False'
[0.284s] Level 5:colcon.colcon_core.verb:set package 'fashion_mnist_ros2' build argument 'cmake_force_configure' from command line to 'False'
[0.284s] Level 5:colcon.colcon_core.verb:set package 'fashion_mnist_ros2' build argument 'ament_cmake_args' from command line to 'None'
[0.284s] Level 5:colcon.colcon_core.verb:set package 'fashion_mnist_ros2' build argument 'catkin_cmake_args' from command line to 'None'
[0.284s] Level 5:colcon.colcon_core.verb:set package 'fashion_mnist_ros2' build argument 'catkin_skip_building_tests' from command line to 'False'
[0.284s] DEBUG:colcon.colcon_core.verb:Building package 'fashion_mnist_ros2' with the following arguments: {'ament_cmake_args': None, 'build_base': '/home/cyy/fashion_mnist_yolov8_ros2/build/fashion_mnist_ros2', 'catkin_cmake_args': None, 'catkin_skip_building_tests': False, 'cmake_args': None, 'cmake_clean_cache': False, 'cmake_clean_first': False, 'cmake_force_configure': False, 'cmake_target': None, 'cmake_target_skip_unavailable': False, 'install_base': '/home/cyy/fashion_mnist_yolov8_ros2/install/fashion_mnist_ros2', 'merge_install': False, 'path': '/home/cyy/fashion_mnist_yolov8_ros2/src/fashion_mnist_ros2', 'symlink_install': True, 'test_result_base': None}
[0.284s] INFO:colcon.colcon_core.executor:Executing jobs using 'parallel' executor
[0.286s] DEBUG:colcon.colcon_parallel_executor.executor.parallel:run_until_complete
[0.286s] INFO:colcon.colcon_ros.task.ament_python.build:Building ROS package in '/home/cyy/fashion_mnist_yolov8_ros2/src/fashion_mnist_ros2' with build type 'ament_python'
[0.286s] Level 1:colcon.colcon_core.shell:create_environment_hook('fashion_mnist_ros2', 'ament_prefix_path')
[0.288s] INFO:colcon.colcon_core.plugin_system:Skipping extension 'colcon_core.shell.bat': Not used on non-Windows systems
[0.288s] INFO:colcon.colcon_core.shell:Creating environment hook '/home/cyy/fashion_mnist_yolov8_ros2/install/fashion_mnist_ros2/share/fashion_mnist_ros2/hook/ament_prefix_path.ps1'
[0.289s] INFO:colcon.colcon_core.shell:Creating environment descriptor '/home/cyy/fashion_mnist_yolov8_ros2/install/fashion_mnist_ros2/share/fashion_mnist_ros2/hook/ament_prefix_path.dsv'
[0.289s] INFO:colcon.colcon_core.shell:Creating environment hook '/home/cyy/fashion_mnist_yolov8_ros2/install/fashion_mnist_ros2/share/fashion_mnist_ros2/hook/ament_prefix_path.sh'
[0.290s] INFO:colcon.colcon_core.shell:Skip shell extension 'powershell' for command environment: Not usable outside of PowerShell
[0.290s] DEBUG:colcon.colcon_core.shell:Skip shell extension 'dsv' for command environment
[0.488s] INFO:colcon.colcon_core.task.python.build:Building Python package in '/home/cyy/fashion_mnist_yolov8_ros2/src/fashion_mnist_ros2'
[0.488s] INFO:colcon.colcon_core.shell:Skip shell extension 'powershell' for command environment: Not usable outside of PowerShell
[0.488s] DEBUG:colcon.colcon_core.shell:Skip shell extension 'dsv' for command environment
[0.742s] DEBUG:colcon.colcon_core.event_handler.log_command:Invoking command in '/home/cyy/fashion_mnist_yolov8_ros2/build/fashion_mnist_ros2': CONDA_PROMPT_MODIFIER=(yolov8_env) PYTHONPATH=/home/cyy/fashion_mnist_yolov8_ros2/build/fashion_mnist_ros2/prefix_override:/usr/lib/python3/dist-packages/colcon_core/task/python/colcon_distutils_commands:/home/cyy/fashion_mnist_yolov8_ros2/install/fashion_mnist_ros2/lib/python3.10/site-packages:${PYTHONPATH} /usr/bin/python3 -W ignore:setup.py install is deprecated -W ignore:easy_install command is deprecated setup.py develop --editable --build-directory /home/cyy/fashion_mnist_yolov8_ros2/build/fashion_mnist_ros2/build --no-deps symlink_data
[1.064s] Level 1:colcon.colcon_core.shell:create_environment_hook('fashion_mnist_ros2', 'pythonpath_develop')
[1.064s] INFO:colcon.colcon_core.shell:Creating environment hook '/home/cyy/fashion_mnist_yolov8_ros2/build/fashion_mnist_ros2/share/fashion_mnist_ros2/hook/pythonpath_develop.ps1'
[1.065s] DEBUG:colcon.colcon_core.event_handler.log_command:Invoked command in '/home/cyy/fashion_mnist_yolov8_ros2/build/fashion_mnist_ros2' returned '0': CONDA_PROMPT_MODIFIER=(yolov8_env) PYTHONPATH=/home/cyy/fashion_mnist_yolov8_ros2/build/fashion_mnist_ros2/prefix_override:/usr/lib/python3/dist-packages/colcon_core/task/python/colcon_distutils_commands:/home/cyy/fashion_mnist_yolov8_ros2/install/fashion_mnist_ros2/lib/python3.10/site-packages:${PYTHONPATH} /usr/bin/python3 -W ignore:setup.py install is deprecated -W ignore:easy_install command is deprecated setup.py develop --editable --build-directory /home/cyy/fashion_mnist_yolov8_ros2/build/fashion_mnist_ros2/build --no-deps symlink_data
[1.066s] INFO:colcon.colcon_core.shell:Creating environment descriptor '/home/cyy/fashion_mnist_yolov8_ros2/build/fashion_mnist_ros2/share/fashion_mnist_ros2/hook/pythonpath_develop.dsv'
[1.066s] INFO:colcon.colcon_core.shell:Creating environment hook '/home/cyy/fashion_mnist_yolov8_ros2/build/fashion_mnist_ros2/share/fashion_mnist_ros2/hook/pythonpath_develop.sh'
[1.068s] Level 1:colcon.colcon_core.environment:checking '/home/cyy/fashion_mnist_yolov8_ros2/install/fashion_mnist_ros2' for CMake module files
[1.068s] Level 1:colcon.colcon_core.environment:checking '/home/cyy/fashion_mnist_yolov8_ros2/install/fashion_mnist_ros2' for CMake config files
[1.068s] Level 1:colcon.colcon_core.environment:checking '/home/cyy/fashion_mnist_yolov8_ros2/install/fashion_mnist_ros2/lib'
[1.069s] Level 1:colcon.colcon_core.environment:checking '/home/cyy/fashion_mnist_yolov8_ros2/install/fashion_mnist_ros2/bin'
[1.069s] Level 1:colcon.colcon_core.environment:checking '/home/cyy/fashion_mnist_yolov8_ros2/install/fashion_mnist_ros2/lib/pkgconfig/fashion_mnist_ros2.pc'
[1.069s] Level 1:colcon.colcon_core.environment:checking '/home/cyy/fashion_mnist_yolov8_ros2/install/fashion_mnist_ros2/lib/python3.10/site-packages'
[1.069s] Level 1:colcon.colcon_core.shell:create_environment_hook('fashion_mnist_ros2', 'pythonpath')
[1.069s] INFO:colcon.colcon_core.shell:Creating environment hook '/home/cyy/fashion_mnist_yolov8_ros2/install/fashion_mnist_ros2/share/fashion_mnist_ros2/hook/pythonpath.ps1'
[1.069s] INFO:colcon.colcon_core.shell:Creating environment descriptor '/home/cyy/fashion_mnist_yolov8_ros2/install/fashion_mnist_ros2/share/fashion_mnist_ros2/hook/pythonpath.dsv'
[1.070s] INFO:colcon.colcon_core.shell:Creating environment hook '/home/cyy/fashion_mnist_yolov8_ros2/install/fashion_mnist_ros2/share/fashion_mnist_ros2/hook/pythonpath.sh'
[1.070s] Level 1:colcon.colcon_core.environment:checking '/home/cyy/fashion_mnist_yolov8_ros2/install/fashion_mnist_ros2/bin'
[1.070s] Level 1:colcon.colcon_core.environment:create_environment_scripts_only(fashion_mnist_ros2)
[1.070s] INFO:colcon.colcon_core.shell:Creating package script '/home/cyy/fashion_mnist_yolov8_ros2/install/fashion_mnist_ros2/share/fashion_mnist_ros2/package.ps1'
[1.071s] INFO:colcon.colcon_core.shell:Creating package descriptor '/home/cyy/fashion_mnist_yolov8_ros2/install/fashion_mnist_ros2/share/fashion_mnist_ros2/package.dsv'
[1.071s] INFO:colcon.colcon_core.shell:Creating package script '/home/cyy/fashion_mnist_yolov8_ros2/install/fashion_mnist_ros2/share/fashion_mnist_ros2/package.sh'
[1.072s] INFO:colcon.colcon_core.shell:Creating package script '/home/cyy/fashion_mnist_yolov8_ros2/install/fashion_mnist_ros2/share/fashion_mnist_ros2/package.bash'
[1.073s] INFO:colcon.colcon_core.shell:Creating package script '/home/cyy/fashion_mnist_yolov8_ros2/install/fashion_mnist_ros2/share/fashion_mnist_ros2/package.zsh'
[1.073s] Level 1:colcon.colcon_core.environment:create_file_with_runtime_dependencies(/home/cyy/fashion_mnist_yolov8_ros2/install/fashion_mnist_ros2/share/colcon-core/packages/fashion_mnist_ros2)
[1.074s] DEBUG:colcon.colcon_parallel_executor.executor.parallel:closing loop
[1.074s] DEBUG:colcon.colcon_parallel_executor.executor.parallel:loop closed
[1.074s] DEBUG:colcon.colcon_parallel_executor.executor.parallel:run_until_complete finished with '0'
[1.074s] DEBUG:colcon.colcon_core.event_reactor:joining thread
[1.079s] INFO:colcon.colcon_core.plugin_system:Skipping extension 'colcon_notification.desktop_notification.terminal_notifier': Not used on non-Darwin systems
[1.079s] INFO:colcon.colcon_core.plugin_system:Skipping extension 'colcon_notification.desktop_notification.win32': Not used on non-Windows systems
[1.079s] INFO:colcon.colcon_notification.desktop_notification:Sending desktop notification using 'notify2'
[1.094s] DEBUG:colcon.colcon_core.event_reactor:joined thread
[1.095s] INFO:colcon.colcon_core.shell:Creating prefix script '/home/cyy/fashion_mnist_yolov8_ros2/install/local_setup.ps1'
[1.096s] INFO:colcon.colcon_core.shell:Creating prefix util module '/home/cyy/fashion_mnist_yolov8_ros2/install/_local_setup_util_ps1.py'
[1.098s] INFO:colcon.colcon_core.shell:Creating prefix chain script '/home/cyy/fashion_mnist_yolov8_ros2/install/setup.ps1'
[1.099s] INFO:colcon.colcon_core.shell:Creating prefix script '/home/cyy/fashion_mnist_yolov8_ros2/install/local_setup.sh'
[1.099s] INFO:colcon.colcon_core.shell:Creating prefix util module '/home/cyy/fashion_mnist_yolov8_ros2/install/_local_setup_util_sh.py'
[1.100s] INFO:colcon.colcon_core.shell:Creating prefix chain script '/home/cyy/fashion_mnist_yolov8_ros2/install/setup.sh'
[1.100s] INFO:colcon.colcon_core.shell:Creating prefix script '/home/cyy/fashion_mnist_yolov8_ros2/install/local_setup.bash'
[1.101s] INFO:colcon.colcon_core.shell:Creating prefix chain script '/home/cyy/fashion_mnist_yolov8_ros2/install/setup.bash'
[1.101s] INFO:colcon.colcon_core.shell:Creating prefix script '/home/cyy/fashion_mnist_yolov8_ros2/install/local_setup.zsh'
[1.102s] INFO:colcon.colcon_core.shell:Creating prefix chain script '/home/cyy/fashion_mnist_yolov8_ros2/install/setup.zsh'
