running develop
running egg_info
creating fashion_mnist_ros2.egg-info
writing fashion_mnist_ros2.egg-info/PKG-INFO
writing dependency_links to fashion_mnist_ros2.egg-info/dependency_links.txt
writing entry points to fashion_mnist_ros2.egg-info/entry_points.txt
writing requirements to fashion_mnist_ros2.egg-info/requires.txt
writing top-level names to fashion_mnist_ros2.egg-info/top_level.txt
writing manifest file 'fashion_mnist_ros2.egg-info/SOURCES.txt'
reading manifest file 'fashion_mnist_ros2.egg-info/SOURCES.txt'
writing manifest file 'fashion_mnist_ros2.egg-info/SOURCES.txt'
running build_ext
Creating /home/cyy/fashion_mnist_yolov8_ros2/install/fashion_mnist_ros2/lib/python3.10/site-packages/fashion-mnist-ros2.egg-link (link to .)
Installing publisher script to /home/cyy/fashion_mnist_yolov8_ros2/install/fashion_mnist_ros2/lib/fashion_mnist_ros2
Installing subscriber script to /home/cyy/fashion_mnist_yolov8_ros2/install/fashion_mnist_ros2/lib/fashion_mnist_ros2

Installed /home/cyy/fashion_mnist_yolov8_ros2/build/fashion_mnist_ros2
running symlink_data
creating /home/cyy/fashion_mnist_yolov8_ros2/install/fashion_mnist_ros2/share/ament_index
creating /home/cyy/fashion_mnist_yolov8_ros2/install/fashion_mnist_ros2/share/ament_index/resource_index
creating /home/cyy/fashion_mnist_yolov8_ros2/install/fashion_mnist_ros2/share/ament_index/resource_index/packages
symbolically linking /home/cyy/fashion_mnist_yolov8_ros2/build/fashion_mnist_ros2/resource/fashion_mnist_ros2 -> /home/cyy/fashion_mnist_yolov8_ros2/install/fashion_mnist_ros2/share/ament_index/resource_index/packages
symbolically linking /home/cyy/fashion_mnist_yolov8_ros2/build/fashion_mnist_ros2/package.xml -> /home/cyy/fashion_mnist_yolov8_ros2/install/fashion_mnist_ros2/share/fashion_mnist_ros2
